This file contains any messages produced by compilers while
running configure, to aid debugging if configure makes a mistake.

configure:530: checking for grops
configure:570: checking for gcc
configure:683: checking whether the C compiler (gcc  ) works
configure:699: gcc -o conftest    conftest.c  1>&5
configure:725: checking whether the C compiler (gcc  ) is a cross-compiler
configure:730: checking whether we are using GNU C
configure:739: gcc -E conftest.c
configure:758: checking whether gcc accepts -g
configure:794: checking for c++
configure:826: checking whether the C++ compiler (c++  ) works
configure:842: c++ -o conftest    conftest.C  1>&5
configure:868: checking whether the C++ compiler (c++  ) is a cross-compiler
configure:873: checking whether we are using GNU C++
configure:882: c++ -E conftest.C
configure:901: checking whether c++ accepts -g
configure:945: checking that C++ compiler can compile simple program
configure:958: c++ -o conftest -g -O2   conftest.C  1>&5
configure:973: checking that C++ static constructors and destructors are called
configure:998: c++ -o conftest -g -O2   conftest.C  1>&5
configure:1012: checking that header files support C++
configure:1021: c++ -o conftest -g -O2   conftest.C  1>&5
configure:1047: checking for lpr
configure:1081: checking for lp
configure:1161: checking for command to use for printing PostScript files
configure:1165: checking for command to use for printing dvi files
configure:1180: checking for perl
configure:1218: checking for byacc
configure:1218: checking for bison
configure:1251: checking for ranlib
configure:1312: checking for a BSD compatible install
configure:1365: checking whether ln -s works
configure:1386: checking for csh hash hack
configure:1404: checking how to run the C preprocessor
configure:1425: gcc -E  conftest.c >/dev/null 2>conftest.out
configure:1487: checking for unistd.h
configure:1497: gcc -E  conftest.c >/dev/null 2>conftest.out
configure:1487: checking for dirent.h
configure:1497: gcc -E  conftest.c >/dev/null 2>conftest.out
configure:1487: checking for limits.h
configure:1497: gcc -E  conftest.c >/dev/null 2>conftest.out
configure:1487: checking for sys/dir.h
configure:1497: gcc -E  conftest.c >/dev/null 2>conftest.out
configure:1487: checking for stdlib.h
configure:1497: gcc -E  conftest.c >/dev/null 2>conftest.out
configure:1524: checking for ISC 3.x or 4.x
configure:1536: checking whether -D_POSIX_SOURCE is necessary
configure:1554: c++ -c -g -O2  conftest.C 1>&5
configure:1548: declaration of C function `void fileno(int)' conflicts with
/usr/include/stdio.h:203: previous declaration `int fileno(struct _IO_FILE *)' here
configure: failed program was:
#line 1546 "configure"
#include "confdefs.h"
#include <stdio.h>
extern "C" { void fileno(int); }
int main() {

; return 0; }
configure:1583: checking declaration of getopt in stdlib.h
configure:1593: c++ -c -g -O2  conftest.C 1>&5
configure:1607: checking declaration of getopt in unistd.h
configure:1618: c++ -c -g -O2  conftest.C 1>&5
configure:1612: declaration of C function `void getopt(int)' conflicts with
/usr/include/unistd.h:530: previous declaration `int getopt(int, char *const *, const char *)' here
configure: failed program was:
#line 1609 "configure"
#include "confdefs.h"
#include <sys/types.h>
#include <unistd.h>
extern "C" { void getopt(int); }
int main() {

; return 0; }
configure:1647: checking declaration of putenv
configure:1657: c++ -c -g -O2  conftest.C 1>&5
configure:1651: declaration of C function `void putenv(int)' conflicts with
/usr/include/stdlib.h:270: previous declaration `int putenv(const char *)' here
configure: failed program was:
#line 1649 "configure"
#include "confdefs.h"
#include <stdlib.h>
extern "C" { void putenv(int); }
int main() {

; return 0; }
configure:1687: checking declaration of popen
configure:1697: c++ -c -g -O2  conftest.C 1>&5
configure:1691: declaration of C function `void popen(int)' conflicts with
/usr/include/stdio.h:204: previous declaration `struct _IO_FILE * popen(const char *, const char *)' here
configure: failed program was:
#line 1689 "configure"
#include "confdefs.h"
#include <stdio.h>
extern "C" { void popen(int); }
int main() {

; return 0; }
configure:1726: checking declaration of pclose
configure:1736: c++ -c -g -O2  conftest.C 1>&5
configure:1730: declaration of C function `void pclose(int)' conflicts with
/usr/include/stdio.h:205: previous declaration `int pclose(struct _IO_FILE *)' here
configure: failed program was:
#line 1728 "configure"
#include "confdefs.h"
#include <stdio.h>
extern "C" { void pclose(int); }
int main() {

; return 0; }
configure:1765: checking C++ <osfcn.h>
configure:1774: c++ -c -g -O2  conftest.C 1>&5
configure:1803: checking C++ <limits.h>
configure:1812: c++ -c -g -O2  conftest.C 1>&5
configure:1841: checking for declaration of time_t
configure:1850: c++ -c -g -O2  conftest.C 1>&5
configure:1871: checking return type of signal handlers
configure:1893: gcc -c -g -O2  conftest.c 1>&5
configure:1912: checking struct exception
configure:1921: gcc -c -g -O2  conftest.c 1>&5
configure: In function `main':
configure:1917: storage size of `e' isn't known
configure: failed program was:
#line 1914 "configure"
#include "confdefs.h"
#include <math.h>
int main() {
struct exception e;
; return 0; }
configure:1938: checking for unistd.h
configure:1977: checking for getpagesize
configure:2005: gcc -o conftest -g -O2   conftest.c  1>&5
configure:2030: checking for working mmap
configure:2178: gcc -o conftest -g -O2   conftest.c  1>&5
configure:2205: checking for fmod
configure:2233: gcc -o conftest -g -O2   conftest.c  -lm 1>&5
configure:2205: checking for strtol
configure:2233: gcc -o conftest -g -O2   conftest.c  -lm 1>&5
configure:2205: checking for getcwd
configure:2233: gcc -o conftest -g -O2   conftest.c  -lm 1>&5
configure:2205: checking for strerror
configure:2233: gcc -o conftest -g -O2   conftest.c  -lm 1>&5
configure:2205: checking for putenv
configure:2233: gcc -o conftest -g -O2   conftest.c  -lm 1>&5
configure:2263: checking for rename
configure:2291: gcc -o conftest -g -O2   conftest.c  1>&5
configure:2263: checking for mkstemp
configure:2291: gcc -o conftest -g -O2   conftest.c  1>&5
configure:2316: checking for sys_siglist declaration in signal.h or unistd.h
configure:2333: gcc -c -g -O2  conftest.c 1>&5
configure: In function `main':
configure:2329: warning: initialization discards `const' from pointer target type
configure:2362: checking whether ANSI array delete syntax supported
configure:2371: c++ -c -g -O2  conftest.C 1>&5
configure:2400: checking traditional preprocessor
configure:2409: c++ -c -g -O2  conftest.C 1>&5
configure: In function `int main()':
configure:2405: parse error before `;'
configure: failed program was:
#line 2402 "configure"
#include "confdefs.h"
#define name2(a,b) a/**/b
int main() {
int name2(foo,bar);
; return 0; }
configure:2430: checking w_coredump
configure:2452: gcc -o conftest -g -O2   conftest.c  1>&5
configure:2468: checking default value for grops -b option
configure:2473: checking default paper size
configure:2517: checking for existing troff installation
configure:2531: checking for prefix of system macro packages
configure:2555: checking which system macro packages should be made available
